0 info it worked if it ends with ok
1 verbose cli [ '/Users/cooksonl/.nvm/versions/node/v7.1.0/bin/node',
1 verbose cli   '/Users/cooksonl/.nvm/versions/node/v7.1.0/bin/npm',
1 verbose cli   'run',
1 verbose cli   'party' ]
2 info using npm@3.10.9
3 info using node@v7.1.0
4 verbose stack Error: missing script: party
4 verbose stack     at run (/Users/cooksonl/.nvm/versions/node/v7.1.0/lib/node_modules/npm/lib/run-script.js:151:19)
4 verbose stack     at /Users/cooksonl/.nvm/versions/node/v7.1.0/lib/node_modules/npm/lib/run-script.js:61:5
4 verbose stack     at /Users/cooksonl/.nvm/versions/node/v7.1.0/lib/node_modules/npm/node_modules/read-package-json/read-json.js:356:5
4 verbose stack     at handleExists (/Users/cooksonl/.nvm/versions/node/v7.1.0/lib/node_modules/npm/node_modules/read-package-json/read-json.js:329:20)
4 verbose stack     at FSReqWrap.cb [as oncomplete] (fs.js:239:19)
5 verbose cwd /Users/cooksonl/Dropbox (Personal)/partylines
6 error Darwin 15.6.0
7 error argv "/Users/cooksonl/.nvm/versions/node/v7.1.0/bin/node" "/Users/cooksonl/.nvm/versions/node/v7.1.0/bin/npm" "run" "party"
8 error node v7.1.0
9 error npm  v3.10.9
10 error missing script: party
11 error If you need help, you may report this error at:
11 error     <https://github.com/npm/npm/issues>
12 verbose exit [ 1, true ]
